
> web@0.1.0 lint /workspace/afrobooks/apps/web
> next lint

It looks like you're trying to use TypeScript but do not have the required package(s) installed.
Installing dependencies

If you are not trying to use TypeScript, please remove the tsconfig.json file from your package root (and any TypeScript files in your pages directory).


Installing devDependencies (pnpm):
- @types/react

../..                                    | Progress: resolved 0, reused 1, downloaded 0, added 0
 WARN  deprecated @playwright/test@1.38.0: Please update to the latest version of Playwright to test up-to-date browsers.
../..                                    |  WARN  deprecated eslint@8.54.0
../..                                    | Progress: resolved 44, reused 29, downloaded 1, added 0
../..                                    |  WARN  deprecated @humanwhocodes/config-array@0.11.14
../..                                    | Progress: resolved 256, reused 240, downloaded 2, added 0
../..                                    |  WARN  deprecated q@1.5.1
../../packages/ui                        |  WARN  deprecated glob@7.2.3
../..                                    |  WARN  deprecated @humanwhocodes/object-schema@2.0.3
../..                                    | Progress: resolved 562, reused 525, downloaded 2, added 0
 WARN  deprecated node-domexception@1.0.0: Use your platform's native DOMException instead
../../packages/ui                        |  WARN  deprecated inflight@1.0.6
../../packages/ui                        |  WARN  deprecated @babel/plugin-proposal-class-properties@7.18.6
../../packages/ui                        |  WARN  deprecated @babel/plugin-proposal-nullish-coalescing-operator@7.18.6
../../packages/ui                        |  WARN  deprecated @babel/plugin-proposal-optional-chaining@7.21.0
../../packages/ui                        |  WARN  deprecated rimraf@2.7.1
../..                                    |  WARN  deprecated rimraf@3.0.2
../..                                    | Progress: resolved 1020, reused 942, downloaded 2, added 0
../../packages/ui                        |  WARN  deprecated @types/minimatch@6.0.0
../../packages/ui                        |  WARN  deprecated rimraf@2.6.3
../..                                    | Progress: resolved 1326, reused 1230, downloaded 2, added 0
../..                                    |   +2 +
../..                                    | Progress: resolved 1326, reused 1231, downloaded 2, added 0
../..                                    | Progress: resolved 1326, reused 1231, downloaded 2, added 2, done
../.. prepare$ husky install
../.. prepare: husky - Git hooks installed
../.. prepare: Done

devDependencies:
+ @types/react 19.1.12

Done in 9.3s


   We detected TypeScript in your project and created a tsconfig.json file for you.
? How would you like to configure ESLint? https://nextjs.org/docs/basic-features/eslint
 ⚠ If you set up ESLint yourself, we recommend adding the Next.js ESLint plugin. See https://nextjs.org/docs/basic-features/eslint#migrating-existing-config
[?25l❯  Strict (recommended)
   Base
   Cancel
